#
# A fatal error has been detected by the Java Runtime Environment:
#
#  Internal Error (javaClasses.cpp:127), pid=516, tid=1888
#  fatal error: Invalid layout of preloaded class
#
# JRE version:  (8.0_45-b14) (build )
# Java VM: Java HotSpot(TM) Client VM (25.45-b02 mixed mode windows-x86 )
# Failed to write core dump. Minidumps are not enabled by default on client versions of Windows
#
# If you would like to submit a bug report, please visit:
#   http://bugreport.java.com/bugreport/crash.jsp
#

---------------  T H R E A D  ---------------

Current thread (0x027eb400):  JavaThread "Unknown thread" [_thread_in_vm, id=1888, stack(0x00e50000,0x00ea0000)]

Stack: [0x00e50000,0x00ea0000],  sp=0x00e9f3b8,  free space=316k
Native frames: (J=compiled Java code, j=interpreted, Vv=VM code, C=native code)
V  [jvm.dll+0x1a4f8b]
V  [jvm.dll+0x19d846]
V  [jvm.dll+0x42269]
V  [jvm.dll+0x4241e]
V  [jvm.dll+0x5193e]
V  [jvm.dll+0xa86ae]
V  [jvm.dll+0xa8972]
V  [jvm.dll+0x154631]
V  [jvm.dll+0x17869b]
V  [jvm.dll+0xe51a1]
C  [javaw.exe+0x14d3]
C  [javaw.exe+0x2047]
C  [javaw.exe+0xadff]
C  [javaw.exe+0xae89]
C  [KERNEL32.DLL+0x17c04]
C  [ntdll.dll+0x5ad1f]
C  [ntdll.dll+0x5acea]
C  0x00000000


---------------  P R O C E S S  ---------------

Java Threads: ( => current thread )

Other Threads:

=>0x027eb400 (exited) JavaThread "Unknown thread" [_thread_in_vm, id=1888, stack(0x00e50000,0x00ea0000)]

VM state:not at safepoint (not fully initialized)

VM Mutex/Monitor currently owned by a thread: None

GC Heap History (0 events):
No events

Deoptimization events (0 events):
No events

Internal exceptions (0 events):
No events

Events (10 events):
Event: 0.012 loading class java/lang/CharSequence done
Event: 0.012 loading class java/lang/String done
Event: 0.012 loading class java/lang/Class
Event: 0.012 loading class java/lang/reflect/AnnotatedElement
Event: 0.012 loading class java/lang/reflect/AnnotatedElement done
Event: 0.012 loading class java/lang/reflect/GenericDeclaration
Event: 0.012 loading class java/lang/reflect/GenericDeclaration done
Event: 0.012 loading class java/lang/reflect/Type
Event: 0.012 loading class java/lang/reflect/Type done
Event: 0.012 loading class java/lang/Class done


Dynamic libraries:
0x00eb0000 - 0x00ee3000 	C:\envDev\jdk\bin\javaw.exe
0x77930000 - 0x77a9e000 	C:\Windows\SYSTEM32\ntdll.dll
0x76f70000 - 0x770b0000 	C:\Windows\SYSTEM32\KERNEL32.DLL
0x774e0000 - 0x775b7000 	C:\Windows\SYSTEM32\KERNELBASE.dll
0x71e80000 - 0x71f20000 	C:\Windows\system32\apphelp.dll
0x70430000 - 0x70696000 	C:\Windows\AppPatch\AcGenral.DLL
0x77610000 - 0x776d3000 	C:\Windows\SYSTEM32\msvcrt.dll
0x76610000 - 0x76651000 	C:\Windows\SYSTEM32\sechost.dll
0x75130000 - 0x7514e000 	C:\Windows\SYSTEM32\SspiCli.dll
0x76af0000 - 0x76b35000 	C:\Windows\SYSTEM32\SHLWAPI.dll
0x71100000 - 0x711ed000 	C:\Windows\SYSTEM32\UxTheme.dll
0x76990000 - 0x76ae3000 	C:\Windows\SYSTEM32\USER32.dll
0x76ba0000 - 0x76cae000 	C:\Windows\SYSTEM32\GDI32.dll
0x728e0000 - 0x72903000 	C:\Windows\SYSTEM32\WINMM.dll
0x71360000 - 0x71373000 	C:\Windows\SYSTEM32\samcli.dll
0x75230000 - 0x75358000 	C:\Windows\SYSTEM32\ole32.dll
0x777c0000 - 0x77855000 	C:\Windows\SYSTEM32\OLEAUT32.dll
0x71430000 - 0x71447000 	C:\Windows\SYSTEM32\MSACM32.dll
0x74c80000 - 0x74c88000 	C:\Windows\SYSTEM32\VERSION.dll
0x75360000 - 0x7660c000 	C:\Windows\SYSTEM32\SHELL32.dll
0x74660000 - 0x7467b000 	C:\Windows\SYSTEM32\USERENV.dll
0x71dd0000 - 0x71dea000 	C:\Windows\SYSTEM32\dwmapi.dll
0x6b0d0000 - 0x6b21a000 	C:\Windows\SYSTEM32\urlmon.dll
0x776f0000 - 0x7776c000 	C:\Windows\SYSTEM32\ADVAPI32.dll
0x72850000 - 0x728b5000 	C:\Windows\SYSTEM32\WINSPOOL.DRV
0x728c0000 - 0x728d6000 	C:\Windows\SYSTEM32\MPR.dll
0x77420000 - 0x774da000 	C:\Windows\SYSTEM32\RPCRT4.dll
0x75120000 - 0x7512a000 	C:\Windows\SYSTEM32\CRYPTBASE.dll
0x76800000 - 0x7697d000 	C:\Windows\SYSTEM32\combase.dll
0x72610000 - 0x72633000 	C:\Windows\SYSTEM32\WINMMBASE.dll
0x74610000 - 0x7461f000 	C:\Windows\SYSTEM32\profapi.dll
0x74680000 - 0x748b2000 	C:\Windows\SYSTEM32\iertutil.dll
0x74aa0000 - 0x74c73000 	C:\Windows\SYSTEM32\WININET.dll
0x750c0000 - 0x75114000 	C:\Windows\SYSTEM32\bcryptPrimitives.dll
0x75150000 - 0x7518c000 	C:\Windows\SYSTEM32\cfgmgr32.dll
0x725e0000 - 0x72601000 	C:\Windows\SYSTEM32\DEVOBJ.dll
0x74580000 - 0x7460b000 	C:\Windows\SYSTEM32\SHCORE.DLL
0x751f0000 - 0x75217000 	C:\Windows\system32\IMM32.DLL
0x77300000 - 0x77412000 	C:\Windows\SYSTEM32\MSCTF.dll
0x714d0000 - 0x716d6000 	C:\Windows\WinSxS\x86_microsoft.windows.common-controls_6595b64144ccf1df_6.0.9600.17784_none_a9f497a901334c74\COMCTL32.dll
0x70f50000 - 0x7100f000 	C:\envDev\jdk\bin\msvcr100.dll
0x70800000 - 0x70bc0000 	C:\envDev\jdk\bin\client\jvm.dll
0x74d60000 - 0x74d68000 	C:\Windows\SYSTEM32\WSOCK32.dll
0x776e0000 - 0x776e6000 	C:\Windows\SYSTEM32\PSAPI.DLL
0x775c0000 - 0x77610000 	C:\Windows\SYSTEM32\WS2_32.dll
0x76660000 - 0x76667000 	C:\Windows\SYSTEM32\NSI.dll
0x732c0000 - 0x732cc000 	C:\envDev\jdk\bin\verify.dll
0x71da0000 - 0x71dc1000 	C:\envDev\jdk\bin\java.dll
0x714b0000 - 0x714c3000 	C:\envDev\jdk\bin\zip.dll
0x700a0000 - 0x701e1000 	C:\Windows\SYSTEM32\dbghelp.dll

VM Arguments:
jvm_args: -Dfile.encoding=Cp1252 -Xbootclasspath:C:\envDev\androidSDK\platforms\android-22\android.jar 
java_command: com.efrei.gopizza.services.WebServices
java_class_path (initial): C:\Users\Romain\git\efreiProjects\GoPizza\bin\classes;C:\Users\Romain\git\efreiProjects\GoPizza\libs\android-support-v4.jar
Launcher Type: SUN_STANDARD

Environment Variables:
PATH=C:/envDev/jdk/bin/client;C:/envDev/jdk/bin;C:/envDev/jdk/lib/i386;C:\envDev\jdk\bin;C:\Windows\system32;C:\Windows;C:\Windows\System32\Wbem;C:\Windows\System32\WindowsPowerShell\v1.0\;C:\Program Files (x86)\Skype\Phone\;C:\envDev\eclipse-jee-luna-SR2-win32\eclipse;
USERNAME=Romain
OS=Windows_NT
PROCESSOR_IDENTIFIER=Intel64 Family 6 Model 42 Stepping 7, GenuineIntel



---------------  S Y S T E M  ---------------

OS: Windows 8.1 , 64 bit Build 9600 (6.3.9600.17415)

CPU:total 8 (4 cores per cpu, 2 threads per core) family 6 model 42 stepping 7, cmov, cx8, fxsr, mmx, sse, sse2, sse3, ssse3, sse4.1, sse4.2, popcnt, avx, aes, clmul, ht, tsc, tscinvbit

Memory: 4k page, physical 8327868k(5113580k free), swap 8532668k(4787936k free)

vm_info: Java HotSpot(TM) Client VM (25.45-b02) for windows-x86 JRE (1.8.0_45-b14), built on Apr 10 2015 10:46:40 by "java_re" with MS VC++ 10.0 (VS2010)

time: Sun Jun 07 23:13:19 2015
elapsed time: 0 seconds (0d 0h 0m 0s)

